# JRE version: OpenJDK Runtime Environment (8.0_112-b06) (build 1.8.0_112-release-b06)
# Java VM: OpenJDK 64-Bit Server VM (25.112-b06 mixed mode windows-amd64 compressed oops)
Heap:
 PSYoungGen      total 446464K, used 424300K [0x00000000e0000000, 0x0000000100000000, 0x0000000100000000)
  eden space 369664K, 100% used [0x00000000e0000000,0x00000000f6900000,0x00000000f6900000)
  from space 76800K, 71% used [0x00000000fb500000,0x00000000fea5b258,0x0000000100000000)
  to   space 77312K, 53% used [0x00000000f6900000,0x00000000f917bf48,0x00000000fb480000)
 ParOldGen       total 815616K, used 522564K [0x00000000a0000000, 0x00000000d1c80000, 0x00000000e0000000)
  object space 815616K, 64% used [0x00000000a0000000,0x00000000bfe510d0,0x00000000d1c80000)
 Metaspace       used 87364K, capacity 93348K, committed 94464K, reserved 1132544K
  class space    used 10291K, capacity 10983K, committed 11264K, reserved 1048576K
GC Heap History (10 events):
Event: 9165.627 GC heap after
Heap after GC invocations=267 (full 25):
 PSYoungGen      total 450560K, used 0K [0x00000000e0000000, 0x0000000100000000, 0x0000000100000000)
  eden space 379392K, 0% used [0x00000000e0000000,0x00000000e0000000,0x00000000f7280000)
  from space 71168K, 0% used [0x00000000fb800000,0x00000000fb800000,0x00000000ffd80000)
  to   space 71168K, 0% used [0x00000000f7280000,0x00000000f7280000,0x00000000fb800000)
 ParOldGen       total 815616K, used 399942K [0x00000000a0000000, 0x00000000d1c80000, 0x00000000e0000000)
  object space 815616K, 49% used [0x00000000a0000000,0x00000000b8691908,0x00000000d1c80000)
 Metaspace       used 87255K, capacity 93152K, committed 94464K, reserved 1132544K
  class space    used 10273K, capacity 10957K, committed 11264K, reserved 1048576K
}
Event: 9167.235 GC heap before
{Heap before GC invocations=268 (full 25):
 PSYoungGen      total 450560K, used 379392K [0x00000000e0000000, 0x0000000100000000, 0x0000000100000000)
  eden space 379392K, 100% used [0x00000000e0000000,0x00000000f7280000,0x00000000f7280000)
  from space 71168K, 0% used [0x00000000fb800000,0x00000000fb800000,0x00000000ffd80000)
  to   space 71168K, 0% used [0x00000000f7280000,0x00000000f7280000,0x00000000fb800000)
 ParOldGen       total 815616K, used 399942K [0x00000000a0000000, 0x00000000d1c80000, 0x00000000e0000000)
  object space 815616K, 49% used [0x00000000a0000000,0x00000000b8691908,0x00000000d1c80000)
 Metaspace       used 87255K, capacity 93152K, committed 94464K, reserved 1132544K
  class space    used 10273K, capacity 10957K, committed 11264K, reserved 1048576K
Event: 9167.330 GC heap after
Heap after GC invocations=268 (full 25):
 PSYoungGen      total 450560K, used 54804K [0x00000000e0000000, 0x0000000100000000, 0x0000000100000000)
  eden space 379392K, 0% used [0x00000000e0000000,0x00000000e0000000,0x00000000f7280000)
  from space 71168K, 77% used [0x00000000f7280000,0x00000000fa8052d0,0x00000000fb800000)
  to   space 71168K, 0% used [0x00000000fba80000,0x00000000fba80000,0x0000000100000000)
 ParOldGen       total 815616K, used 399942K [0x00000000a0000000, 0x00000000d1c80000, 0x00000000e0000000)
  object space 815616K, 49% used [0x00000000a0000000,0x00000000b8691908,0x00000000d1c80000)
 Metaspace       used 87255K, capacity 93152K, committed 94464K, reserved 1132544K
  class space    used 10273K, capacity 10957K, committed 11264K, reserved 1048576K
}
Event: 9225.967 GC heap before
{Heap before GC invocations=269 (full 25):
 PSYoungGen      total 450560K, used 434196K [0x00000000e0000000, 0x0000000100000000, 0x0000000100000000)
  eden space 379392K, 100% used [0x00000000e0000000,0x00000000f7280000,0x00000000f7280000)
  from space 71168K, 77% used [0x00000000f7280000,0x00000000fa8052d0,0x00000000fb800000)
  to   space 71168K, 0% used [0x00000000fba80000,0x00000000fba80000,0x0000000100000000)
 ParOldGen       total 815616K, used 399942K [0x00000000a0000000, 0x00000000d1c80000, 0x00000000e0000000)
  object space 815616K, 49% used [0x00000000a0000000,0x00000000b8691908,0x00000000d1c80000)
 Metaspace       used 87358K, capacity 93348K, committed 94464K, reserved 1132544K
  class space    used 10291K, capacity 10983K, committed 11264K, reserved 1048576K
Event: 9226.045 GC heap after
Heap after GC invocations=269 (full 25):
 PSYoungGen      total 452096K, used 33109K [0x00000000e0000000, 0x0000000100000000, 0x0000000100000000)
  eden space 380928K, 0% used [0x00000000e0000000,0x00000000e0000000,0x00000000f7400000)
  from space 71168K, 46% used [0x00000000fba80000,0x00000000fdad56a0,0x0000000100000000)
  to   space 71680K, 0% used [0x00000000f7400000,0x00000000f7400000,0x00000000fba00000)
 ParOldGen       total 815616K, used 452909K [0x00000000a0000000, 0x00000000d1c80000, 0x00000000e0000000)
  object space 815616K, 55% used [0x00000000a0000000,0x00000000bba4b6e0,0x00000000d1c80000)
 Metaspace       used 87358K, capacity 93348K, committed 94464K, reserved 1132544K
  class space    used 10291K, capacity 10983K, committed 11264K, reserved 1048576K
}
Event: 9228.796 GC heap before
{Heap before GC invocations=270 (full 25):
 PSYoungGen      total 452096K, used 414037K [0x00000000e0000000, 0x0000000100000000, 0x0000000100000000)
  eden space 380928K, 100% used [0x00000000e0000000,0x00000000f7400000,0x00000000f7400000)
  from space 71168K, 46% used [0x00000000fba80000,0x00000000fdad56a0,0x0000000100000000)
  to   space 71680K, 0% used [0x00000000f7400000,0x00000000f7400000,0x00000000fba00000)
 ParOldGen       total 815616K, used 452909K [0x00000000a0000000, 0x00000000d1c80000, 0x00000000e0000000)
  object space 815616K, 55% used [0x00000000a0000000,0x00000000bba4b6e0,0x00000000d1c80000)
 Metaspace       used 87364K, capacity 93348K, committed 94464K, reserved 1132544K
  class space    used 10291K, capacity 10983K, committed 11264K, reserved 1048576K
Event: 9228.814 GC heap after
Heap after GC invocations=270 (full 25):
 PSYoungGen      total 387584K, used 6368K [0x00000000e0000000, 0x0000000100000000, 0x0000000100000000)
  eden space 380928K, 0% used [0x00000000e0000000,0x00000000e0000000,0x00000000f7400000)
  from space 6656K, 95% used [0x00000000f7400000,0x00000000f7a38130,0x00000000f7a80000)
  to   space 76800K, 0% used [0x00000000fb500000,0x00000000fb500000,0x0000000100000000)
 ParOldGen       total 815616K, used 464900K [0x00000000a0000000, 0x00000000d1c80000, 0x00000000e0000000)
  object space 815616K, 56% used [0x00000000a0000000,0x00000000bc601278,0x00000000d1c80000)
 Metaspace       used 87364K, capacity 93348K, committed 94464K, reserved 1132544K
  class space    used 10291K, capacity 10983K, committed 11264K, reserved 1048576K
}
Event: 9229.076 GC heap before
{Heap before GC invocations=271 (full 25):
 PSYoungGen      total 387584K, used 387296K [0x00000000e0000000, 0x0000000100000000, 0x0000000100000000)
  eden space 380928K, 100% used [0x00000000e0000000,0x00000000f7400000,0x00000000f7400000)
  from space 6656K, 95% used [0x00000000f7400000,0x00000000f7a38130,0x00000000f7a80000)
  to   space 76800K, 0% used [0x00000000fb500000,0x00000000fb500000,0x0000000100000000)
 ParOldGen       total 815616K, used 464900K [0x00000000a0000000, 0x00000000d1c80000, 0x00000000e0000000)
  object space 815616K, 56% used [0x00000000a0000000,0x00000000bc601278,0x00000000d1c80000)
 Metaspace       used 87364K, capacity 93348K, committed 94464K, reserved 1132544K
  class space    used 10291K, capacity 10983K, committed 11264K, reserved 1048576K
Event: 9229.131 GC heap after
Heap after GC invocations=271 (full 25):
 PSYoungGen      total 446464K, used 54636K [0x00000000e0000000, 0x0000000100000000, 0x0000000100000000)
  eden space 369664K, 0% used [0x00000000e0000000,0x00000000e0000000,0x00000000f6900000)
  from space 76800K, 71% used [0x00000000fb500000,0x00000000fea5b258,0x0000000100000000)
  to   space 77312K, 0% used [0x00000000f6900000,0x00000000f6900000,0x00000000fb480000)
 ParOldGen       total 815616K, used 470753K [0x00000000a0000000, 0x00000000d1c80000, 0x00000000e0000000)
  object space 815616K, 57% used [0x00000000a0000000,0x00000000bcbb84a8,0x00000000d1c80000)
 Metaspace       used 87364K, capacity 93348K, committed 94464K, reserved 1132544K
  class space    used 10291K, capacity 10983K, committed 11264K, reserved 1048576K
}
Event: 9229.405 GC heap before
{Heap before GC invocations=272 (full 25):
 PSYoungGen      total 446464K, used 424300K [0x00000000e0000000, 0x0000000100000000, 0x0000000100000000)
  eden space 369664K, 100% used [0x00000000e0000000,0x00000000f6900000,0x00000000f6900000)
  from space 76800K, 71% used [0x00000000fb500000,0x00000000fea5b258,0x0000000100000000)
  to   space 77312K, 0% used [0x00000000f6900000,0x00000000f6900000,0x00000000fb480000)
 ParOldGen       total 815616K, used 470753K [0x00000000a0000000, 0x00000000d1c80000, 0x00000000e0000000)
  object space 815616K, 57% used [0x00000000a0000000,0x00000000bcbb84a8,0x00000000d1c80000)
 Metaspace       used 87364K, capacity 93348K, committed 94464K, reserved 1132544K
  class space    used 10291K, capacity 10983K, committed 11264K, reserved 1048576K

